Using pre-set license
Built from '2020.3/staging' branch; Version is '2020.3.16f1 (049d6eca3c44) revision 302446'; Using compiler version '192528614'; Build Type 'Release'
OS: 'Windows 10 Home; OS build 22000.348; Version 2009; 64bit' Language: 'en' Physical Memory: 16245 MB
BatchMode: 1, IsHumanControllingUs: 0, StartBugReporterOnCrash: 0, Is64bit: 1, IsPro: 0

 COMMAND LINE ARGUMENTS:
C:\Program Files\Unity\Hub\Editor\2020.3.16f1\Editor\Unity.exe
-adb2
-batchMode
-noUpm
-name
AssetImportWorker0
-projectPath
C:/Users/rcirc/Desktop/Tulsa Fall 2021/Level Design/3D-Game/Circelli-3DGameUnity
-logFile
Logs/AssetImportWorker0.log
-srvPort
57535
Successfully changed project path to: C:/Users/rcirc/Desktop/Tulsa Fall 2021/Level Design/3D-Game/Circelli-3DGameUnity
C:/Users/rcirc/Desktop/Tulsa Fall 2021/Level Design/3D-Game/Circelli-3DGameUnity
Using Asset Import Pipeline V2.
Refreshing native plugins compatible for Editor in 63.51 ms, found 2 plugins.
Preloading 0 native plugins for Editor in 0.00 ms.
Initialize engine version: 2020.3.16f1 (049d6eca3c44)
[Subsystems] Discovering subsystems at path C:/Program Files/Unity/Hub/Editor/2020.3.16f1/Editor/Data/Resources/UnitySubsystems
[Subsystems] Discovering subsystems at path C:/Users/rcirc/Desktop/Tulsa Fall 2021/Level Design/3D-Game/Circelli-3DGameUnity/Assets
GfxDevice: creating device client; threaded=0
Direct3D:
    Version:  Direct3D 11.0 [level 11.1]
    Renderer: NVIDIA GeForce RTX 2070 with Max-Q Design (ID=0x1f14)
    Vendor:   
    VRAM:     8031 MB
    Driver:   30.0.14.7247
Shader 'Universal Render Pipeline/Particles/Lit': fallback shader 'Universal Render Pipeline/Particles/SimpleLit' not found
Initialize mono
Mono path[0] = 'C:/Program Files/Unity/Hub/Editor/2020.3.16f1/Editor/Data/Managed'
Mono path[1] = 'C:/Program Files/Unity/Hub/Editor/2020.3.16f1/Editor/Data/MonoBleedingEdge/lib/mono/unityjit'
Mono config path = 'C:/Program Files/Unity/Hub/Editor/2020.3.16f1/Editor/Data/MonoBleedingEdge/etc'
Using monoOptions --debugger-agent=transport=dt_socket,embedding=1,server=y,suspend=n,address=127.0.0.1:56124
Begin MonoManager ReloadAssembly
Registering precompiled unity dll's ...
Register platform support module: C:/Program Files/Unity/Hub/Editor/2020.3.16f1/Editor/Data/PlaybackEngines/WebGLSupport/UnityEditor.WebGL.Extensions.dll
Register platform support module: C:/Program Files/Unity/Hub/Editor/2020.3.16f1/Editor/Data/PlaybackEngines/WindowsStandaloneSupport/UnityEditor.WindowsStandalone.Extensions.dll
Registered in 0.001456 seconds.
Native extension for WindowsStandalone target not found
Native extension for WebGL target not found
Refreshing native plugins compatible for Editor in 59.91 ms, found 2 plugins.
Preloading 0 native plugins for Editor in 0.00 ms.
Mono: successfully reloaded assembly
- Completed reload, in  1.001 seconds
Domain Reload Profiling:
	ReloadAssembly (1001ms)
		BeginReloadAssembly (45ms)
			ExecutionOrderSort (0ms)
			DisableScriptedObjects (0ms)
			BackupInstance (0ms)
			ReleaseScriptingObjects (0ms)
			CreateAndSetChildDomain (1ms)
		EndReloadAssembly (368ms)
			LoadAssemblies (41ms)
			RebuildTransferFunctionScriptingTraits (0ms)
			SetupTypeCache (127ms)
			ReleaseScriptCaches (0ms)
			RebuildScriptCaches (25ms)
			SetupLoadedEditorAssemblies (160ms)
				LogAssemblyErrors (0ms)
				InitializePlatformSupportModulesInManaged (4ms)
				SetLoadedEditorAssemblies (0ms)
				RefreshPlugins (60ms)
				BeforeProcessingInitializeOnLoad (13ms)
				ProcessInitializeOnLoadAttributes (62ms)
				ProcessInitializeOnLoadMethodAttributes (22ms)
				AfterProcessingInitializeOnLoad (0ms)
				EditorAssembliesLoaded (0ms)
			ExecutionOrderSort2 (0ms)
			AwakeInstancesAfterBackupRestoration (0ms)
Platform modules already initialized, skipping
Registering precompiled user dll's ...
Registered in 0.004312 seconds.
Begin MonoManager ReloadAssembly
Native extension for WindowsStandalone target not found
Native extension for WebGL target not found
Refreshing native plugins compatible for Editor in 65.11 ms, found 2 plugins.
Preloading 0 native plugins for Editor in 0.00 ms.
Mono: successfully reloaded assembly
- Completed reload, in  1.651 seconds
Domain Reload Profiling:
	ReloadAssembly (1652ms)
		BeginReloadAssembly (120ms)
			ExecutionOrderSort (0ms)
			DisableScriptedObjects (4ms)
			BackupInstance (0ms)
			ReleaseScriptingObjects (0ms)
			CreateAndSetChildDomain (15ms)
		EndReloadAssembly (1477ms)
			LoadAssemblies (85ms)
			RebuildTransferFunctionScriptingTraits (0ms)
			SetupTypeCache (293ms)
			ReleaseScriptCaches (1ms)
			RebuildScriptCaches (51ms)
			SetupLoadedEditorAssemblies (946ms)
				LogAssemblyErrors (0ms)
				InitializePlatformSupportModulesInManaged (4ms)
				SetLoadedEditorAssemblies (0ms)
				RefreshPlugins (65ms)
				BeforeProcessingInitializeOnLoad (84ms)
				ProcessInitializeOnLoadAttributes (783ms)
				ProcessInitializeOnLoadMethodAttributes (6ms)
				AfterProcessingInitializeOnLoad (4ms)
				EditorAssembliesLoaded (0ms)
			ExecutionOrderSort2 (0ms)
			AwakeInstancesAfterBackupRestoration (5ms)
Platform modules already initialized, skipping
========================================================================
Worker process is ready to serve import requests
Shader 'Universal Render Pipeline/Particles/Lit': fallback shader 'Universal Render Pipeline/Particles/SimpleLit' not found
Launched and connected shader compiler UnityShaderCompiler.exe after 0.03 seconds
Refreshing native plugins compatible for Editor in 0.65 ms, found 2 plugins.
Preloading 0 native plugins for Editor in 0.00 ms.
Unloading 3806 Unused Serialized files (Serialized files now loaded: 0)
System memory in use before: 169.9 MB.
System memory in use after: 170.1 MB.

Unloading 23 unused Assets to reduce memory usage. Loaded Objects now: 4244.
Total: 4.237700 ms (FindLiveObjects: 0.314600 ms CreateObjectMapping: 0.155900 ms MarkObjects: 3.631700 ms  DeleteObjects: 0.115200 ms)

AssetImportParameters requested are different than current active one (requested -> active):
  custom:framework-win-MediaFoundation: 216162199b28c13a410421893ffa2e32 -> 
  custom:video-decoder-ogg-theora: a1e56fd34408186e4bbccfd4996cb3dc -> 
  custom:container-muxer-webm: aa71ff27fc2769a1b78a27578f13a17b -> 
  custom:container-demuxer-webm: 4f35f7cbe854078d1ac9338744f61a02 -> 
  custom:container-demuxer-ogg: 62fdf1f143b41e24485cea50d1cbac27 -> 
  custom:video-encoder-webm-vp8: eb34c28f22e8b96e1ab97ce403110664 -> 
  custom:video-decoder-webm-vp8: 9c59270c3fd7afecdb556c50c9e8de78 -> 
  custom:audio-decoder-ogg-vorbis: bf7c407c2cedff20999df2af8eb42d56 -> 
  custom:audio-encoder-webm-vorbis: bf7c407c2cedff20999df2af8eb42d56 -> 
========================================================================
Received Import Request.
  path: Assets/Materials/grid_Mat.mat
  artifactKey: Guid(bf2c6dac149b64f418d0b9a3a77c5e14) Importer(815301076,1909f56bfc062723c751e8b465ee728b)
Start importing Assets/Materials/grid_Mat.mat using Guid(bf2c6dac149b64f418d0b9a3a77c5e14) Importer(815301076,1909f56bfc062723c751e8b465ee728b)  -> (artifact id: '6a44f262e3ce4f0deff72ede66cf8869') in 0.170098 seconds 
  Import took 0.175626 seconds .

========================================================================
Received Import Request.
  Time since last request: 0.000275 seconds.
  path: Assets/Materials
  artifactKey: Guid(d0234ba368eeec9418390da711bfdad0) Importer(815301076,1909f56bfc062723c751e8b465ee728b)
Start importing Assets/Materials using Guid(d0234ba368eeec9418390da711bfdad0) Importer(815301076,1909f56bfc062723c751e8b465ee728b)  -> (artifact id: 'fa67f7aafba014bdcc74449d8eba51d0') in 0.001769 seconds 
  Import took 0.006268 seconds .

========================================================================
Received Import Request.
  Time since last request: 0.000212 seconds.
  path: Assets/Materials/Floor 1.mat
  artifactKey: Guid(56b0a3f41dd805747a05c65d0016e70c) Importer(815301076,1909f56bfc062723c751e8b465ee728b)
Start importing Assets/Materials/Floor 1.mat using Guid(56b0a3f41dd805747a05c65d0016e70c) Importer(815301076,1909f56bfc062723c751e8b465ee728b)  -> (artifact id: '239bd651ab45d05d2e51b96bfd808426') in 0.010694 seconds 
  Import took 0.015348 seconds .

========================================================================
Received Import Request.
  Time since last request: 0.000180 seconds.
  path: Assets/Materials/PlayerMiniMap 1.mat
  artifactKey: Guid(a98cdcfa4b0986945b3c3b62a7c02de4) Importer(815301076,1909f56bfc062723c751e8b465ee728b)
Start importing Assets/Materials/PlayerMiniMap 1.mat using Guid(a98cdcfa4b0986945b3c3b62a7c02de4) Importer(815301076,1909f56bfc062723c751e8b465ee728b)  -> (artifact id: '9add4a9d80cccd75601b1d03df4cf060') in 0.009635 seconds 
  Import took 0.014606 seconds .

========================================================================
Received Import Request.
  Time since last request: 0.000246 seconds.
  path: Assets/Materials/Floor 4.mat
  artifactKey: Guid(202228b0053e2d145af726e8751a195e) Importer(815301076,1909f56bfc062723c751e8b465ee728b)
Start importing Assets/Materials/Floor 4.mat using Guid(202228b0053e2d145af726e8751a195e) Importer(815301076,1909f56bfc062723c751e8b465ee728b)  -> (artifact id: '81b5ae999f43bc6733c91e52ce87eda5') in 0.009469 seconds 
  Import took 0.014504 seconds .

========================================================================
Received Import Request.
  Time since last request: 0.000212 seconds.
  path: Assets/Materials/GoalMaterial.mat
  artifactKey: Guid(3033e9ee78dd8864d87fbcb28ff8743b) Importer(815301076,1909f56bfc062723c751e8b465ee728b)
Start importing Assets/Materials/GoalMaterial.mat using Guid(3033e9ee78dd8864d87fbcb28ff8743b) Importer(815301076,1909f56bfc062723c751e8b465ee728b)  -> (artifact id: '4976da65398e03cf525fee666b5c1022') in 0.009091 seconds 
  Import took 0.013893 seconds .

========================================================================
Received Import Request.
  Time since last request: 0.000207 seconds.
  path: Assets/Materials/StairsMiniMap.mat
  artifactKey: Guid(3438667b406ea6940bd5d514e4dd1f6e) Importer(815301076,1909f56bfc062723c751e8b465ee728b)
Start importing Assets/Materials/StairsMiniMap.mat using Guid(3438667b406ea6940bd5d514e4dd1f6e) Importer(815301076,1909f56bfc062723c751e8b465ee728b)  -> (artifact id: '9580724cd9d54c757698f5e55337ee53') in 0.008502 seconds 
  Import took 0.013670 seconds .

========================================================================
Received Import Request.
  Time since last request: 0.000222 seconds.
  path: Assets/Materials/TopOfWalls.mat
  artifactKey: Guid(bc574c987ad8a804baebac78bcaee4e9) Importer(815301076,1909f56bfc062723c751e8b465ee728b)
Start importing Assets/Materials/TopOfWalls.mat using Guid(bc574c987ad8a804baebac78bcaee4e9) Importer(815301076,1909f56bfc062723c751e8b465ee728b)  -> (artifact id: '9fe2a6c837302cfe8302d8da8727a7b2') in 0.008262 seconds 
  Import took 0.012996 seconds .

========================================================================
Received Import Request.
  Time since last request: 0.000213 seconds.
  path: Assets/Materials/Skybox_Mat.mat
  artifactKey: Guid(0ffaa0b7117ba8c47a9d05ae701d4b4d) Importer(815301076,1909f56bfc062723c751e8b465ee728b)
Start importing Assets/Materials/Skybox_Mat.mat using Guid(0ffaa0b7117ba8c47a9d05ae701d4b4d) Importer(815301076,1909f56bfc062723c751e8b465ee728b)  -> (artifact id: '3dbc5ce4bccef7efb522e883f44572cc') in 0.009562 seconds 
  Import took 0.014138 seconds .

========================================================================
Received Import Request.
  Time since last request: 0.000166 seconds.
  path: Assets/Materials/Floor 2.mat
  artifactKey: Guid(dccfa30ebd36edc43a033497ad59f78e) Importer(815301076,1909f56bfc062723c751e8b465ee728b)
Start importing Assets/Materials/Floor 2.mat using Guid(dccfa30ebd36edc43a033497ad59f78e) Importer(815301076,1909f56bfc062723c751e8b465ee728b)  -> (artifact id: '57dde2d01b3b7187e6f954b787b49237') in 0.008468 seconds 
  Import took 0.013300 seconds .

========================================================================
Received Import Request.
  Time since last request: 0.000169 seconds.
  path: Assets/Materials/Floor 3.mat
  artifactKey: Guid(dd3320686a8e0eb46b8057d27e367107) Importer(815301076,1909f56bfc062723c751e8b465ee728b)
Start importing Assets/Materials/Floor 3.mat using Guid(dd3320686a8e0eb46b8057d27e367107) Importer(815301076,1909f56bfc062723c751e8b465ee728b)  -> (artifact id: '516a90887922c81fea336cbf291ed92f') in 0.008803 seconds 
  Import took 0.013440 seconds .

========================================================================
Received Import Request.
  Time since last request: 15.285432 seconds.
  path: Assets/Materials/Battery.mat
  artifactKey: Guid(3b9f03e76c33f9c4684c6dcb8762bb5c) Importer(815301076,1909f56bfc062723c751e8b465ee728b)
Start importing Assets/Materials/Battery.mat using Guid(3b9f03e76c33f9c4684c6dcb8762bb5c) Importer(815301076,1909f56bfc062723c751e8b465ee728b)  -> (artifact id: 'ac90cc021e32db5db8ef353b3ea51660') in 0.013509 seconds 
  Import took 0.019581 seconds .

========================================================================
Received Import Request.
  Time since last request: 11.823698 seconds.
  path: Assets/Textures/BatteryMat.png
  artifactKey: Guid(eb24ed368de08b6428bcd712ac83c329) Importer(815301076,1909f56bfc062723c751e8b465ee728b)
Start importing Assets/Textures/BatteryMat.png using Guid(eb24ed368de08b6428bcd712ac83c329) Importer(815301076,1909f56bfc062723c751e8b465ee728b)  -> (artifact id: 'ef1eeab829b1af034ed9b5509feb2e75') in 0.022688 seconds 
  Import took 0.028457 seconds .

========================================================================
Received Import Request.
  Time since last request: 0.000719 seconds.
  path: Assets/Textures/BatteryMat.png
  artifactKey: Guid(eb24ed368de08b6428bcd712ac83c329) Importer(815301076,1909f56bfc062723c751e8b465ee728b)
Start importing Assets/Textures/BatteryMat.png using Guid(eb24ed368de08b6428bcd712ac83c329) Importer(815301076,1909f56bfc062723c751e8b465ee728b)  -> (artifact id: 'ef1eeab829b1af034ed9b5509feb2e75') in 0.006880 seconds 
  Import took 0.012357 seconds .

========================================================================
Received Import Request.
  Time since last request: 9.671213 seconds.
  path: Assets/RawWoodenFurnitureFree/Textures/BedsV1.png
  artifactKey: Guid(7af63757bc4132e48a47644c7980cd10) Importer(815301076,1909f56bfc062723c751e8b465ee728b)
Start importing Assets/RawWoodenFurnitureFree/Textures/BedsV1.png using Guid(7af63757bc4132e48a47644c7980cd10) Importer(815301076,1909f56bfc062723c751e8b465ee728b)  -> (artifact id: '6b821fecd7dbbc849d0af10104aeec1a') in 0.010074 seconds 
  Import took 0.017782 seconds .

========================================================================
Received Import Request.
  Time since last request: 0.000197 seconds.
  path: Assets/ExampleAssets/Textures/Props/Construction_Light/ConstructionLight_Albedo.tif
  artifactKey: Guid(2ec6e1532acb1254f9f3797b5d82db44) Importer(815301076,1909f56bfc062723c751e8b465ee728b)
Start importing Assets/ExampleAssets/Textures/Props/Construction_Light/ConstructionLight_Albedo.tif using Guid(2ec6e1532acb1254f9f3797b5d82db44) Importer(815301076,1909f56bfc062723c751e8b465ee728b)  -> (artifact id: '48a523aa7e9a67f4a0c3ad41f202c539') in 0.012683 seconds 
  Import took 0.018273 seconds .

========================================================================
Received Import Request.
  Time since last request: 0.000185 seconds.
  path: Assets/Viking Village/Textures/Skies/Daytime/Cloud_01.tif
  artifactKey: Guid(311ce39566df95548af1cbca5ac82099) Importer(815301076,1909f56bfc062723c751e8b465ee728b)
Start importing Assets/Viking Village/Textures/Skies/Daytime/Cloud_01.tif using Guid(311ce39566df95548af1cbca5ac82099) Importer(815301076,1909f56bfc062723c751e8b465ee728b)  -> (artifact id: 'b97c8703a3efca991b3ab42383e3c805') in 0.007927 seconds 
  Import took 0.013097 seconds .

========================================================================
Received Import Request.
  Time since last request: 0.000409 seconds.
  path: Assets/ExampleAssets/Textures/Props/Construction_Light/ConstructionLight_MetallicOcculusionSmoothness.tif
  artifactKey: Guid(9a81f1a59f171804e84fce76584bdcb7) Importer(815301076,1909f56bfc062723c751e8b465ee728b)
Start importing Assets/ExampleAssets/Textures/Props/Construction_Light/ConstructionLight_MetallicOcculusionSmoothness.tif using Guid(9a81f1a59f171804e84fce76584bdcb7) Importer(815301076,1909f56bfc062723c751e8b465ee728b)  -> (artifact id: '51de056b8b2955cb0dc3ef99dada8e3b') in 0.009875 seconds 
  Import took 0.016076 seconds .

========================================================================
Received Import Request.
  Time since last request: 0.000179 seconds.
  path: Assets/RawWoodenFurnitureFree/Textures/BedsV1.png
  artifactKey: Guid(7af63757bc4132e48a47644c7980cd10) Importer(815301076,1909f56bfc062723c751e8b465ee728b)
Start importing Assets/RawWoodenFurnitureFree/Textures/BedsV1.png using Guid(7af63757bc4132e48a47644c7980cd10) Importer(815301076,1909f56bfc062723c751e8b465ee728b)  -> (artifact id: '6b821fecd7dbbc849d0af10104aeec1a') in 0.006908 seconds 
  Import took 0.011865 seconds .

========================================================================
Received Import Request.
  Time since last request: 0.000210 seconds.
  path: Assets/RawWoodenFurnitureFree/Textures/Cabinets00_albedoV1.png
  artifactKey: Guid(00d6160ed160b4b4fb8876504640f483) Importer(815301076,1909f56bfc062723c751e8b465ee728b)
Start importing Assets/RawWoodenFurnitureFree/Textures/Cabinets00_albedoV1.png using Guid(00d6160ed160b4b4fb8876504640f483) Importer(815301076,1909f56bfc062723c751e8b465ee728b)  -> (artifact id: 'fdb4d78ea0c602d49e9523bdea17ff67') in 0.009009 seconds 
  Import took 0.014542 seconds .

========================================================================
Received Import Request.
  Time since last request: 0.000192 seconds.
  path: Assets/RawWoodenFurnitureFree/Textures/Chair02_albedoV2.png
  artifactKey: Guid(d7456299277b9ff4db8b3193f85f71ae) Importer(815301076,1909f56bfc062723c751e8b465ee728b)
Start importing Assets/RawWoodenFurnitureFree/Textures/Chair02_albedoV2.png using Guid(d7456299277b9ff4db8b3193f85f71ae) Importer(815301076,1909f56bfc062723c751e8b465ee728b)  -> (artifact id: '3f5d68ce48936ed4cdd76b0516586fb1') in 0.008998 seconds 
  Import took 0.015164 seconds .

========================================================================
Received Import Request.
  Time since last request: 0.000345 seconds.
  path: Assets/RawWoodenFurnitureFree/Textures/Cabinets00_albedoV1.png
  artifactKey: Guid(00d6160ed160b4b4fb8876504640f483) Importer(815301076,1909f56bfc062723c751e8b465ee728b)
Start importing Assets/RawWoodenFurnitureFree/Textures/Cabinets00_albedoV1.png using Guid(00d6160ed160b4b4fb8876504640f483) Importer(815301076,1909f56bfc062723c751e8b465ee728b)  -> (artifact id: 'fdb4d78ea0c602d49e9523bdea17ff67') in 0.012251 seconds 
  Import took 0.020497 seconds .

========================================================================
Received Import Request.
  Time since last request: 0.000354 seconds.
  path: Assets/ExampleAssets/Textures/Drywall/Drywall_Albedo.tif
  artifactKey: Guid(eae496078d11426448124eaf8b285e6b) Importer(815301076,1909f56bfc062723c751e8b465ee728b)
Start importing Assets/ExampleAssets/Textures/Drywall/Drywall_Albedo.tif using Guid(eae496078d11426448124eaf8b285e6b) Importer(815301076,1909f56bfc062723c751e8b465ee728b)  -> (artifact id: '627192ac72afd6057c91aee5d9f756eb') in 0.011941 seconds 
  Import took 0.022080 seconds .

========================================================================
Received Import Request.
  Time since last request: 0.026587 seconds.
  path: Assets/ExampleAssets/Textures/Drywall/Drywall_Albedo.tif
  artifactKey: Guid(eae496078d11426448124eaf8b285e6b) Importer(815301076,1909f56bfc062723c751e8b465ee728b)
Start importing Assets/ExampleAssets/Textures/Drywall/Drywall_Albedo.tif using Guid(eae496078d11426448124eaf8b285e6b) Importer(815301076,1909f56bfc062723c751e8b465ee728b)  -> (artifact id: '627192ac72afd6057c91aee5d9f756eb') in 0.010501 seconds 
  Import took 0.021759 seconds .

========================================================================
Received Import Request.
  Time since last request: 2196.740411 seconds.
  path: Assets/Textures/Battery.png
  artifactKey: Guid(1ad60f5147022b944829e5e1e1506c16) Importer(815301076,1909f56bfc062723c751e8b465ee728b)
Start importing Assets/Textures/Battery.png using Guid(1ad60f5147022b944829e5e1e1506c16) Importer(815301076,1909f56bfc062723c751e8b465ee728b)  -> (artifact id: 'a3a7add6401c225524b26c748e9f1148') in 0.009302 seconds 
  Import took 0.016719 seconds .

========================================================================
Received Import Request.
  Time since last request: 9.305872 seconds.
  path: Assets/Textures/Battery.png
  artifactKey: Guid(1ad60f5147022b944829e5e1e1506c16) Importer(815301076,1909f56bfc062723c751e8b465ee728b)
Start importing Assets/Textures/Battery.png using Guid(1ad60f5147022b944829e5e1e1506c16) Importer(815301076,1909f56bfc062723c751e8b465ee728b)  -> (artifact id: '0b7c2bc5d5983a25661b9964182f57e0') in 0.019003 seconds 
  Import took 0.024526 seconds .

========================================================================
Received Prepare
Registering precompiled user dll's ...
Registered in 0.004009 seconds.
Begin MonoManager ReloadAssembly
Native extension for WindowsStandalone target not found
Native extension for WebGL target not found
Refreshing native plugins compatible for Editor in 0.71 ms, found 2 plugins.
Preloading 0 native plugins for Editor in 0.00 ms.
Mono: successfully reloaded assembly
- Completed reload, in  1.271 seconds
Domain Reload Profiling:
	ReloadAssembly (1271ms)
		BeginReloadAssembly (133ms)
			ExecutionOrderSort (0ms)
			DisableScriptedObjects (5ms)
			BackupInstance (0ms)
			ReleaseScriptingObjects (0ms)
			CreateAndSetChildDomain (41ms)
		EndReloadAssembly (1085ms)
			LoadAssemblies (83ms)
			RebuildTransferFunctionScriptingTraits (0ms)
			SetupTypeCache (304ms)
			ReleaseScriptCaches (1ms)
			RebuildScriptCaches (51ms)
			SetupLoadedEditorAssemblies (496ms)
				LogAssemblyErrors (0ms)
				InitializePlatformSupportModulesInManaged (4ms)
				SetLoadedEditorAssemblies (0ms)
				RefreshPlugins (1ms)
				BeforeProcessingInitializeOnLoad (79ms)
				ProcessInitializeOnLoadAttributes (402ms)
				ProcessInitializeOnLoadMethodAttributes (4ms)
				AfterProcessingInitializeOnLoad (5ms)
				EditorAssembliesLoaded (0ms)
			ExecutionOrderSort2 (0ms)
			AwakeInstancesAfterBackupRestoration (38ms)
Platform modules already initialized, skipping
Shader 'Universal Render Pipeline/Particles/Lit': fallback shader 'Universal Render Pipeline/Particles/SimpleLit' not found
Refreshing native plugins compatible for Editor in 0.63 ms, found 2 plugins.
Preloading 0 native plugins for Editor in 0.00 ms.
Unloading 3665 Unused Serialized files (Serialized files now loaded: 0)
System memory in use before: 165.1 MB.
System memory in use after: 165.3 MB.

Unloading 16 unused Assets to reduce memory usage. Loaded Objects now: 4335.
Total: 3.495000 ms (FindLiveObjects: 0.307700 ms CreateObjectMapping: 0.175200 ms MarkObjects: 2.961400 ms  DeleteObjects: 0.049700 ms)

AssetImportParameters requested are different than current active one (requested -> active):
  custom:framework-win-MediaFoundation: 216162199b28c13a410421893ffa2e32 -> 
  custom:video-decoder-ogg-theora: a1e56fd34408186e4bbccfd4996cb3dc -> 
  custom:container-muxer-webm: aa71ff27fc2769a1b78a27578f13a17b -> 
  custom:container-demuxer-webm: 4f35f7cbe854078d1ac9338744f61a02 -> 
  custom:container-demuxer-ogg: 62fdf1f143b41e24485cea50d1cbac27 -> 
  custom:video-encoder-webm-vp8: eb34c28f22e8b96e1ab97ce403110664 -> 
  custom:video-decoder-webm-vp8: 9c59270c3fd7afecdb556c50c9e8de78 -> 
  custom:audio-decoder-ogg-vorbis: bf7c407c2cedff20999df2af8eb42d56 -> 
  custom:audio-encoder-webm-vorbis: bf7c407c2cedff20999df2af8eb42d56 -> 
AssetImportWorkerClient::OnTransportError - code=2 error=End of file
